[17-Apr-2018 10:18:24 UTC] PHP Parse error:  syntax error, unexpected ',', expecting variable (T_VARIABLE) in /app/public/wp-content/themes/fictional-university-theme/index.php on line 2
[17-Apr-2018 10:20:13 UTC] PHP Fatal error:  Uncaught Error: Call to undefined function myFavColour() in /app/public/wp-content/themes/fictional-university-theme/index.php:6
Stack trace:
#0 /app/public/wp-includes/template-loader.php(74): include()
#1 /app/public/wp-blog-header.php(19): require_once('/app/public/wp-...')
#2 /app/public/index.php(17): require('/app/public/wp-...')
#3 {main}
  thrown in /app/public/wp-content/themes/fictional-university-theme/index.php on line 6
[17-Apr-2018 10:20:37 UTC] PHP Warning:  A non-numeric value encountered in /app/public/wp-content/themes/fictional-university-theme/index.php on line 3
[17-Apr-2018 10:20:37 UTC] PHP Warning:  A non-numeric value encountered in /app/public/wp-content/themes/fictional-university-theme/index.php on line 3
[17-Apr-2018 10:20:37 UTC] PHP Warning:  A non-numeric value encountered in /app/public/wp-content/themes/fictional-university-theme/index.php on line 3
[17-Apr-2018 10:20:37 UTC] PHP Warning:  A non-numeric value encountered in /app/public/wp-content/themes/fictional-university-theme/index.php on line 3
[17-Apr-2018 10:20:37 UTC] PHP Warning:  A non-numeric value encountered in /app/public/wp-content/themes/fictional-university-theme/index.php on line 3
[17-Apr-2018 10:20:37 UTC] PHP Warning:  A non-numeric value encountered in /app/public/wp-content/themes/fictional-university-theme/index.php on line 3
[17-Apr-2018 10:20:37 UTC] PHP Warning:  A non-numeric value encountered in /app/public/wp-content/themes/fictional-university-theme/index.php on line 3
[17-Apr-2018 10:20:37 UTC] PHP Warning:  A non-numeric value encountered in /app/public/wp-content/themes/fictional-university-theme/index.php on line 3
[17-Apr-2018 10:20:37 UTC] PHP Warning:  A non-numeric value encountered in /app/public/wp-content/themes/fictional-university-theme/index.php on line 3
[17-Apr-2018 10:20:37 UTC] PHP Warning:  A non-numeric value encountered in /app/public/wp-content/themes/fictional-university-theme/index.php on line 3
[17-Apr-2018 10:21:49 UTC] PHP Parse error:  syntax error, unexpected '$name' (T_VARIABLE), expecting ',' or ';' in /app/public/wp-content/themes/fictional-university-theme/index.php on line 3
[17-Apr-2018 10:39:58 UTC] PHP Parse error:  syntax error, unexpected '$count' (T_VARIABLE), expecting ',' or ';' in /app/public/wp-content/themes/fictional-university-theme/index.php on line 7
[17-Apr-2018 11:36:10 UTC] PHP Fatal error:  Uncaught Error: Call to undefined function set_stylesheet_uri() in /app/public/wp-content/themes/fictional-university-theme/functions.php:4
Stack trace:
#0 /app/public/wp-includes/class-wp-hook.php(286): university_files('')
#1 /app/public/wp-includes/class-wp-hook.php(310): WP_Hook->apply_filters('', Array)
#2 /app/public/wp-includes/plugin.php(453): WP_Hook->do_action(Array)
#3 /app/public/wp-includes/script-loader.php(1436): do_action('wp_enqueue_scri...')
#4 /app/public/wp-includes/class-wp-hook.php(286): wp_enqueue_scripts('')
#5 /app/public/wp-includes/class-wp-hook.php(310): WP_Hook->apply_filters(NULL, Array)
#6 /app/public/wp-includes/plugin.php(453): WP_Hook->do_action(Array)
#7 /app/public/wp-includes/general-template.php(2614): do_action('wp_head')
#8 /app/public/wp-content/themes/fictional-university-theme/header.php(5): wp_head()
#9 /app/public/wp-includes/template.php(688): require_once('/app/public/wp-...')
#10 /app/public/wp-includes/template.php(647): load_template('/app/public/wp-...', true in /app/public/wp-content/themes/fictional-university-theme/functions.php on line 4
[17-Apr-2018 11:36:40 UTC] PHP Fatal error:  Uncaught Error: Call to undefined function set_stylesheet_uri() in /app/public/wp-content/themes/fictional-university-theme/functions.php:4
Stack trace:
#0 /app/public/wp-includes/class-wp-hook.php(286): university_files('')
#1 /app/public/wp-includes/class-wp-hook.php(310): WP_Hook->apply_filters('', Array)
#2 /app/public/wp-includes/plugin.php(453): WP_Hook->do_action(Array)
#3 /app/public/wp-includes/script-loader.php(1436): do_action('wp_enqueue_scri...')
#4 /app/public/wp-includes/class-wp-hook.php(286): wp_enqueue_scripts('')
#5 /app/public/wp-includes/class-wp-hook.php(310): WP_Hook->apply_filters(NULL, Array)
#6 /app/public/wp-includes/plugin.php(453): WP_Hook->do_action(Array)
#7 /app/public/wp-includes/general-template.php(2614): do_action('wp_head')
#8 /app/public/wp-content/themes/fictional-university-theme/header.php(5): wp_head()
#9 /app/public/wp-includes/template.php(688): require_once('/app/public/wp-...')
#10 /app/public/wp-includes/template.php(647): load_template('/app/public/wp-...', true in /app/public/wp-content/themes/fictional-university-theme/functions.php on line 4
[17-Apr-2018 12:10:32 UTC] PHP Parse error:  syntax error, unexpected 'wp_enqueue_style' (T_STRING) in /app/public/wp-content/themes/fictional-university-theme/functions.php on line 5
[17-Apr-2018 12:21:35 UTC] PHP Parse error:  syntax error, unexpected 'get_theme_file_uri' (T_STRING), expecting ',' or ')' in /app/public/wp-content/themes/fictional-university-theme/functions.php on line 4
[23-Apr-2018 16:24:53 UTC] PHP Fatal error:  Uncaught Error: Call to undefined function have_psost() in /app/public/wp-content/themes/fictional-university-theme/index.php:17
Stack trace:
#0 /app/public/wp-includes/template-loader.php(74): include()
#1 /app/public/wp-blog-header.php(19): require_once('/app/public/wp-...')
#2 /app/public/index.php(17): require('/app/public/wp-...')
#3 {main}
  thrown in /app/public/wp-content/themes/fictional-university-theme/index.php on line 17
[23-Apr-2018 16:25:09 UTC] PHP Fatal error:  Uncaught Error: Call to undefined function have_post() in /app/public/wp-content/themes/fictional-university-theme/index.php:17
Stack trace:
#0 /app/public/wp-includes/template-loader.php(74): include()
#1 /app/public/wp-blog-header.php(19): require_once('/app/public/wp-...')
#2 /app/public/index.php(17): require('/app/public/wp-...')
#3 {main}
  thrown in /app/public/wp-content/themes/fictional-university-theme/index.php on line 17
[24-Apr-2018 10:17:59 UTC] PHP Parse error:  syntax error, unexpected '/' in /app/public/wp-content/themes/fictional-university-theme/front-page.php on line 67
[24-Apr-2018 15:42:49 UTC] PHP Parse error:  syntax error, unexpected 'university_post_types' (T_STRING) in /app/public/wp-content/themes/fictional-university-theme/functions.php on line 21
[24-Apr-2018 15:42:53 UTC] PHP Parse error:  syntax error, unexpected 'university_post_types' (T_STRING) in /app/public/wp-content/themes/fictional-university-theme/functions.php on line 21
[24-Apr-2018 15:43:20 UTC] PHP Parse error:  syntax error, unexpected 'university_post_types' (T_STRING) in /app/public/wp-content/themes/fictional-university-theme/functions.php on line 21
[24-Apr-2018 16:54:15 UTC] PHP Parse error:  syntax error, unexpected ''rewrite'' (T_CONSTANT_ENCAPSED_STRING), expecting ')' in /app/public/wp-content/mu-plugins/universtity-post-types.php on line 6
[24-Apr-2018 16:54:15 UTC] PHP Parse error:  syntax error, unexpected ''rewrite'' (T_CONSTANT_ENCAPSED_STRING), expecting ')' in /app/public/wp-content/mu-plugins/universtity-post-types.php on line 6
[24-Apr-2018 16:54:15 UTC] PHP Parse error:  syntax error, unexpected ''rewrite'' (T_CONSTANT_ENCAPSED_STRING), expecting ')' in /app/public/wp-content/mu-plugins/universtity-post-types.php on line 6
[24-Apr-2018 17:14:19 UTC] PHP Parse error:  syntax error, unexpected '=>' (T_DOUBLE_ARROW) in /app/public/wp-content/themes/fictional-university-theme/header.php on line 25
[24-Apr-2018 17:15:20 UTC] PHP Fatal error:  Uncaught ArgumentCountError: Too few arguments to function get_post_type_archive_link(), 0 passed in /app/public/wp-content/themes/fictional-university-theme/header.php on line 25 and exactly 1 expected in /app/public/wp-includes/link-template.php:1134
Stack trace:
#0 /app/public/wp-content/themes/fictional-university-theme/header.php(25): get_post_type_archive_link()
#1 /app/public/wp-includes/template.php(688): require_once('/app/public/wp-...')
#2 /app/public/wp-includes/template.php(647): load_template('/app/public/wp-...', true)
#3 /app/public/wp-includes/general-template.php(41): locate_template(Array, true)
#4 /app/public/wp-content/themes/fictional-university-theme/front-page.php(1): get_header()
#5 /app/public/wp-includes/template-loader.php(74): include('/app/public/wp-...')
#6 /app/public/wp-blog-header.php(19): require_once('/app/public/wp-...')
#7 /app/public/index.php(17): require('/app/public/wp-...')
#8 {main}
  thrown in /app/public/wp-includes/link-template.php on line 1134
[24-Apr-2018 18:22:22 UTC] PHP Fatal error:  Uncaught ArgumentCountError: Too few arguments to function WP_Query::set(), 0 passed in /app/public/wp-content/themes/fictional-university-theme/functions.php on line 23 and exactly 2 expected in /app/public/wp-includes/class-wp-query.php:1604
Stack trace:
#0 /app/public/wp-content/themes/fictional-university-theme/functions.php(23): WP_Query->set()
#1 /app/public/wp-includes/class-wp-hook.php(286): university_adjust_queries(Object(WP_Query))
#2 /app/public/wp-includes/class-wp-hook.php(310): WP_Hook->apply_filters('', Array)
#3 /app/public/wp-includes/plugin.php(515): WP_Hook->do_action(Array)
#4 /app/public/wp-includes/class-wp-query.php(1634): do_action_ref_array('pre_get_posts', Array)
#5 /app/public/wp-includes/class-wp-query.php(3230): WP_Query->get_posts()
#6 /app/public/wp-includes/class-wp.php(599): WP_Query->query(Array)
#7 /app/public/wp-includes/class-wp.php(715): WP->query_posts()
#8 /app/public/wp-includes/functions.php(960): WP->main('')
#9 /app/public/wp-blog-header.php(16): wp()
#10 /app/publ in /app/public/wp-includes/class-wp-query.php on line 1604
[24-Apr-2018 18:47:40 UTC] PHP Parse error:  syntax error, unexpected 'key' (T_STRING), expecting ',' or ')' in /app/public/wp-content/themes/fictional-university-theme/functions.php on line 28
[24-Apr-2018 18:47:40 UTC] PHP Parse error:  syntax error, unexpected 'key' (T_STRING), expecting ',' or ')' in /app/public/wp-content/themes/fictional-university-theme/functions.php on line 28
[24-Apr-2018 18:47:40 UTC] PHP Parse error:  syntax error, unexpected 'key' (T_STRING), expecting ',' or ')' in /app/public/wp-content/themes/fictional-university-theme/functions.php on line 28
[25-Apr-2018 12:55:41 UTC] PHP Warning:  Invalid argument supplied for foreach() in /app/public/wp-content/themes/fictional-university-theme/single-event.php on line 28
[25-Apr-2018 12:56:50 UTC] PHP Parse error:  syntax error, unexpected '}', expecting ',' or ';' in /app/public/wp-content/themes/fictional-university-theme/single-event.php on line 34
[25-Apr-2018 13:16:12 UTC] PHP Fatal error:  Uncaught Error: Call to a member function have_psosts() on null in /app/public/wp-content/themes/fictional-university-theme/single-program.php:48
Stack trace:
#0 /app/public/wp-includes/template-loader.php(74): include()
#1 /app/public/wp-blog-header.php(19): require_once('/app/public/wp-...')
#2 /app/public/index.php(17): require('/app/public/wp-...')
#3 {main}
  thrown in /app/public/wp-content/themes/fictional-university-theme/single-program.php on line 48
[25-Apr-2018 13:16:24 UTC] PHP Fatal error:  Uncaught Error: Call to a member function have_posts() on null in /app/public/wp-content/themes/fictional-university-theme/single-program.php:48
Stack trace:
#0 /app/public/wp-includes/template-loader.php(74): include()
#1 /app/public/wp-blog-header.php(19): require_once('/app/public/wp-...')
#2 /app/public/index.php(17): require('/app/public/wp-...')
#3 {main}
  thrown in /app/public/wp-content/themes/fictional-university-theme/single-program.php on line 48
[25-Apr-2018 13:16:29 UTC] PHP Fatal error:  Uncaught Error: Call to a member function have_posts() on null in /app/public/wp-content/themes/fictional-university-theme/single-program.php:48
Stack trace:
#0 /app/public/wp-includes/template-loader.php(74): include()
#1 /app/public/wp-blog-header.php(19): require_once('/app/public/wp-...')
#2 /app/public/index.php(17): require('/app/public/wp-...')
#3 {main}
  thrown in /app/public/wp-content/themes/fictional-university-theme/single-program.php on line 48
[25-Apr-2018 13:43:29 UTC] PHP Parse error:  syntax error, unexpected end of file in /app/public/wp-content/themes/fictional-university-theme/single-program.php on line 107
[25-Apr-2018 14:10:23 UTC] PHP Parse error:  syntax error, unexpected 'the_ID' (T_STRING) in /app/public/wp-content/themes/fictional-university-theme/single-program.php on line 49
[25-Apr-2018 14:11:15 UTC] PHP Parse error:  syntax error, unexpected 'the_ID' (T_STRING) in /app/public/wp-content/themes/fictional-university-theme/single-program.php on line 49
[25-Apr-2018 14:11:34 UTC] PHP Parse error:  syntax error, unexpected 'the_ID' (T_STRING) in /app/public/wp-content/themes/fictional-university-theme/single-program.php on line 49
[25-Apr-2018 15:11:51 UTC] PHP Parse error:  syntax error, unexpected 'echo' (T_ECHO) in /app/public/wp-content/themes/fictional-university-theme/single-professor.php on line 7
[25-Apr-2018 16:44:12 UTC] PHP Parse error:  syntax error, unexpected '}' in /app/public/wp-content/themes/fictional-university-theme/functions.php on line 15
[25-Apr-2018 16:44:12 UTC] PHP Parse error:  syntax error, unexpected '}' in /app/public/wp-content/themes/fictional-university-theme/functions.php on line 15
[25-Apr-2018 16:44:12 UTC] PHP Parse error:  syntax error, unexpected '}' in /app/public/wp-content/themes/fictional-university-theme/functions.php on line 15
[25-Apr-2018 16:47:06 UTC] PHP Fatal error:  Uncaught ArgumentCountError: Too few arguments to function pageBanner(), 0 passed in /app/public/wp-content/themes/fictional-university-theme/page.php on line 6 and exactly 1 expected in /app/public/wp-content/themes/fictional-university-theme/functions.php:3
Stack trace:
#0 /app/public/wp-content/themes/fictional-university-theme/page.php(6): pageBanner()
#1 /app/public/wp-includes/template-loader.php(74): include('/app/public/wp-...')
#2 /app/public/wp-blog-header.php(19): require_once('/app/public/wp-...')
#3 /app/public/index.php(17): require('/app/public/wp-...')
#4 {main}
  thrown in /app/public/wp-content/themes/fictional-university-theme/functions.php on line 3
[25-Apr-2018 16:51:44 UTC] PHP Parse error:  syntax error, unexpected ';', expecting ')' in /app/public/wp-content/themes/fictional-university-theme/archive-event.php on line 5
[25-Apr-2018 16:58:52 UTC] PHP Parse error:  syntax error, unexpected 'array' (T_ARRAY) in /app/public/wp-content/themes/fictional-university-theme/index.php on line 4
[25-Apr-2018 18:30:37 UTC] PHP Parse error:  syntax error, unexpected '}' in /app/public/wp-content/themes/fictional-university-theme/functions.php on line 78
[25-Apr-2018 18:30:37 UTC] PHP Parse error:  syntax error, unexpected '}' in /app/public/wp-content/themes/fictional-university-theme/functions.php on line 78
[25-Apr-2018 18:30:37 UTC] PHP Parse error:  syntax error, unexpected '}' in /app/public/wp-content/themes/fictional-university-theme/functions.php on line 78
[25-Apr-2018 18:30:40 UTC] PHP Parse error:  syntax error, unexpected '}' in /app/public/wp-content/themes/fictional-university-theme/functions.php on line 78
[25-Apr-2018 18:30:40 UTC] PHP Parse error:  syntax error, unexpected '}' in /app/public/wp-content/themes/fictional-university-theme/functions.php on line 78
[25-Apr-2018 18:30:58 UTC] PHP Parse error:  syntax error, unexpected 'add_filter' (T_STRING) in /app/public/wp-content/themes/fictional-university-theme/functions.php on line 80
[25-Apr-2018 18:31:00 UTC] PHP Parse error:  syntax error, unexpected 'add_filter' (T_STRING) in /app/public/wp-content/themes/fictional-university-theme/functions.php on line 80
[25-Apr-2018 18:32:38 UTC] PHP Parse error:  syntax error, unexpected 'add_filter' (T_STRING) in /app/public/wp-content/themes/fictional-university-theme/functions.php on line 81
[26-Apr-2018 04:20:37 UTC] PHP Fatal error:  Uncaught Error: Call to undefined function get_field() in /app/public/wp-content/themes/fictional-university-theme/template-parts/content-event.php:4
Stack trace:
#0 /app/public/wp-includes/template.php(690): require()
#1 /app/public/wp-includes/template.php(647): load_template('/app/public/wp-...', false)
#2 /app/public/wp-includes/general-template.php(155): locate_template(Array, true, false)
#3 /app/public/wp-content/themes/fictional-university-theme/front-page.php(37): get_template_part('template-parts/...', 'event')
#4 /app/public/wp-includes/template-loader.php(74): include('/app/public/wp-...')
#5 /app/public/wp-blog-header.php(19): require_once('/app/public/wp-...')
#6 /app/public/index.php(17): require('/app/public/wp-...')
#7 {main}
  thrown in /app/public/wp-content/themes/fictional-university-theme/template-parts/content-event.php on line 4
[26-Apr-2018 04:20:38 UTC] PHP Fatal error:  Uncaught Error: Call to undefined function get_field() in /app/public/wp-content/themes/fictional-university-theme/template-parts/content-event.php:4
Stack trace:
#0 /app/public/wp-includes/template.php(690): require()
#1 /app/public/wp-includes/template.php(647): load_template('/app/public/wp-...', false)
#2 /app/public/wp-includes/general-template.php(155): locate_template(Array, true, false)
#3 /app/public/wp-content/themes/fictional-university-theme/front-page.php(37): get_template_part('template-parts/...', 'event')
#4 /app/public/wp-includes/template-loader.php(74): include('/app/public/wp-...')
#5 /app/public/wp-blog-header.php(19): require_once('/app/public/wp-...')
#6 /app/public/index.php(17): require('/app/public/wp-...')
#7 {main}
  thrown in /app/public/wp-content/themes/fictional-university-theme/template-parts/content-event.php on line 4
[26-Apr-2018 04:20:38 UTC] PHP Fatal error:  Uncaught Error: Call to undefined function get_field() in /app/public/wp-content/themes/fictional-university-theme/template-parts/content-event.php:4
Stack trace:
#0 /app/public/wp-includes/template.php(690): require()
#1 /app/public/wp-includes/template.php(647): load_template('/app/public/wp-...', false)
#2 /app/public/wp-includes/general-template.php(155): locate_template(Array, true, false)
#3 /app/public/wp-content/themes/fictional-university-theme/front-page.php(37): get_template_part('template-parts/...', 'event')
#4 /app/public/wp-includes/template-loader.php(74): include('/app/public/wp-...')
#5 /app/public/wp-blog-header.php(19): require_once('/app/public/wp-...')
#6 /app/public/index.php(17): require('/app/public/wp-...')
#7 {main}
  thrown in /app/public/wp-content/themes/fictional-university-theme/template-parts/content-event.php on line 4
[26-Apr-2018 04:20:38 UTC] PHP Fatal error:  Uncaught Error: Call to undefined function get_field() in /app/public/wp-content/themes/fictional-university-theme/template-parts/content-event.php:4
Stack trace:
#0 /app/public/wp-includes/template.php(690): require()
#1 /app/public/wp-includes/template.php(647): load_template('/app/public/wp-...', false)
#2 /app/public/wp-includes/general-template.php(155): locate_template(Array, true, false)
#3 /app/public/wp-content/themes/fictional-university-theme/front-page.php(37): get_template_part('template-parts/...', 'event')
#4 /app/public/wp-includes/template-loader.php(74): include('/app/public/wp-...')
#5 /app/public/wp-blog-header.php(19): require_once('/app/public/wp-...')
#6 /app/public/index.php(17): require('/app/public/wp-...')
#7 {main}
  thrown in /app/public/wp-content/themes/fictional-university-theme/template-parts/content-event.php on line 4
[26-Apr-2018 04:20:38 UTC] PHP Fatal error:  Uncaught Error: Call to undefined function get_field() in /app/public/wp-content/themes/fictional-university-theme/template-parts/content-event.php:4
Stack trace:
#0 /app/public/wp-includes/template.php(690): require()
#1 /app/public/wp-includes/template.php(647): load_template('/app/public/wp-...', false)
#2 /app/public/wp-includes/general-template.php(155): locate_template(Array, true, false)
#3 /app/public/wp-content/themes/fictional-university-theme/front-page.php(37): get_template_part('template-parts/...', 'event')
#4 /app/public/wp-includes/template-loader.php(74): include('/app/public/wp-...')
#5 /app/public/wp-blog-header.php(19): require_once('/app/public/wp-...')
#6 /app/public/index.php(17): require('/app/public/wp-...')
#7 {main}
  thrown in /app/public/wp-content/themes/fictional-university-theme/template-parts/content-event.php on line 4
[26-Apr-2018 04:39:36 UTC] PHP Notice:  Undefined index: photo in /app/public/wp-content/themes/fictional-university-theme/functions.php on line 12
[26-Apr-2018 04:39:37 UTC] PHP Notice:  Undefined index: subtitle in /app/public/wp-content/themes/fictional-university-theme/functions.php on line 9
[26-Apr-2018 04:39:37 UTC] PHP Notice:  Undefined index: photo in /app/public/wp-content/themes/fictional-university-theme/functions.php on line 12
[26-Apr-2018 04:40:04 UTC] PHP Notice:  Undefined index: photo in /app/public/wp-content/themes/fictional-university-theme/functions.php on line 12
[26-Apr-2018 04:40:06 UTC] PHP Notice:  Undefined index: subtitle in /app/public/wp-content/themes/fictional-university-theme/functions.php on line 9
[26-Apr-2018 04:40:06 UTC] PHP Notice:  Undefined index: photo in /app/public/wp-content/themes/fictional-university-theme/functions.php on line 12
[26-Apr-2018 04:45:09 UTC] PHP Notice:  Undefined index: subtitle in /app/public/wp-content/themes/fictional-university-theme/functions.php on line 9
[26-Apr-2018 04:45:09 UTC] PHP Notice:  Undefined index: photo in /app/public/wp-content/themes/fictional-university-theme/functions.php on line 12
[26-Apr-2018 05:13:34 UTC] PHP Notice:  Undefined index: subtitle in /app/public/wp-content/themes/fictional-university-theme/functions.php on line 9
[26-Apr-2018 05:13:34 UTC] PHP Notice:  Undefined index: photo in /app/public/wp-content/themes/fictional-university-theme/functions.php on line 12
[26-Apr-2018 05:13:45 UTC] PHP Notice:  Undefined index: subtitle in /app/public/wp-content/themes/fictional-university-theme/functions.php on line 9
[26-Apr-2018 05:13:45 UTC] PHP Notice:  Undefined index: photo in /app/public/wp-content/themes/fictional-university-theme/functions.php on line 12
[26-Apr-2018 05:14:03 UTC] PHP Notice:  Undefined index: subtitle in /app/public/wp-content/themes/fictional-university-theme/functions.php on line 9
[26-Apr-2018 05:14:03 UTC] PHP Notice:  Undefined index: photo in /app/public/wp-content/themes/fictional-university-theme/functions.php on line 12
[26-Apr-2018 05:14:18 UTC] PHP Notice:  Undefined index: photo in /app/public/wp-content/themes/fictional-university-theme/functions.php on line 12
[26-Apr-2018 05:14:20 UTC] PHP Notice:  Undefined index: subtitle in /app/public/wp-content/themes/fictional-university-theme/functions.php on line 9
[26-Apr-2018 05:14:20 UTC] PHP Notice:  Undefined index: photo in /app/public/wp-content/themes/fictional-university-theme/functions.php on line 12
[26-Apr-2018 05:15:44 UTC] PHP Notice:  Undefined index: photo in /app/public/wp-content/themes/fictional-university-theme/functions.php on line 12
[27-Apr-2018 09:03:49 UTC] PHP Fatal error:  Cannot redeclare university_post_types() (previously declared in /app/public/wp-content/mu-plugins/university-post-types.php:5) in /app/public/wp-content/mu-plugins/universtity-post-types.php.broken.php on line 6
[27-Apr-2018 09:05:22 UTC] PHP Fatal error:  Uncaught Exception: DateTime::__construct(): Failed to parse time string (15/06/2018) at position 0 (1): Unexpected character in /app/public/wp-content/themes/fictional-university-theme/template-parts/content-event.php:4
Stack trace:
#0 /app/public/wp-content/themes/fictional-university-theme/template-parts/content-event.php(4): DateTime->__construct('15/06/2018')
#1 /app/public/wp-includes/template.php(690): require('/app/public/wp-...')
#2 /app/public/wp-includes/template.php(647): load_template('/app/public/wp-...', false)
#3 /app/public/wp-includes/general-template.php(155): locate_template(Array, true, false)
#4 /app/public/wp-content/themes/fictional-university-theme/front-page.php(38): get_template_part('template-parts/...', 'event')
#5 /app/public/wp-includes/template-loader.php(74): include('/app/public/wp-...')
#6 /app/public/wp-blog-header.php(19): require_once('/app/public/wp-...')
#7 /app/public/index.php(17): require('/app/public/wp-...')
#8 {main}
  thrown in /app/public/wp-content/themes/fictional-university-theme/template-parts/content-event.php on line 4
[27-Apr-2018 09:05:58 UTC] PHP Warning:  Illegal string offset 'sizes' in /app/public/wp-content/themes/fictional-university-theme/functions.php on line 15
[27-Apr-2018 09:05:58 UTC] PHP Warning:  Illegal string offset 'pageBanner' in /app/public/wp-content/themes/fictional-university-theme/functions.php on line 15
[27-Apr-2018 09:06:10 UTC] PHP Warning:  Illegal string offset 'sizes' in /app/public/wp-content/themes/fictional-university-theme/functions.php on line 15
[27-Apr-2018 09:06:10 UTC] PHP Warning:  Illegal string offset 'pageBanner' in /app/public/wp-content/themes/fictional-university-theme/functions.php on line 15
[27-Apr-2018 09:08:53 UTC] PHP Fatal error:  Uncaught Exception: DateTime::__construct(): Failed to parse time string (15/06/2018) at position 0 (1): Unexpected character in /app/public/wp-content/themes/fictional-university-theme/template-parts/content-event.php:4
Stack trace:
#0 /app/public/wp-content/themes/fictional-university-theme/template-parts/content-event.php(4): DateTime->__construct('15/06/2018')
#1 /app/public/wp-includes/template.php(690): require('/app/public/wp-...')
#2 /app/public/wp-includes/template.php(647): load_template('/app/public/wp-...', false)
#3 /app/public/wp-includes/general-template.php(155): locate_template(Array, true, false)
#4 /app/public/wp-content/themes/fictional-university-theme/front-page.php(38): get_template_part('template-parts/...', 'event')
#5 /app/public/wp-includes/template-loader.php(74): include('/app/public/wp-...')
#6 /app/public/wp-blog-header.php(19): require_once('/app/public/wp-...')
#7 /app/public/index.php(17): require('/app/public/wp-...')
#8 {main}
  thrown in /app/public/wp-content/themes/fictional-university-theme/template-parts/content-event.php on line 4
[27-Apr-2018 09:10:38 UTC] PHP Warning:  Illegal string offset 'sizes' in /app/public/wp-content/themes/fictional-university-theme/functions.php on line 15
[27-Apr-2018 09:10:38 UTC] PHP Warning:  Illegal string offset 'pageBanner' in /app/public/wp-content/themes/fictional-university-theme/functions.php on line 15
[27-Apr-2018 09:16:06 UTC] PHP Fatal error:  Uncaught Exception: DateTime::__construct(): Failed to parse time string (15/06/2018) at position 0 (1): Unexpected character in /app/public/wp-content/themes/fictional-university-theme/template-parts/content-event.php:4
Stack trace:
#0 /app/public/wp-content/themes/fictional-university-theme/template-parts/content-event.php(4): DateTime->__construct('15/06/2018')
#1 /app/public/wp-includes/template.php(690): require('/app/public/wp-...')
#2 /app/public/wp-includes/template.php(647): load_template('/app/public/wp-...', false)
#3 /app/public/wp-includes/general-template.php(155): locate_template(Array, true, false)
#4 /app/public/wp-content/themes/fictional-university-theme/front-page.php(38): get_template_part('template-parts/...', 'event')
#5 /app/public/wp-includes/template-loader.php(74): include('/app/public/wp-...')
#6 /app/public/wp-blog-header.php(19): require_once('/app/public/wp-...')
#7 /app/public/index.php(17): require('/app/public/wp-...')
#8 {main}
  thrown in /app/public/wp-content/themes/fictional-university-theme/template-parts/content-event.php on line 4
[27-Apr-2018 09:23:34 UTC] PHP Fatal error:  Uncaught Exception: DateTime::__construct(): Failed to parse time string (16/06/2018) at position 0 (1): Unexpected character in /app/public/wp-content/themes/fictional-university-theme/template-parts/content-event.php:4
Stack trace:
#0 /app/public/wp-content/themes/fictional-university-theme/template-parts/content-event.php(4): DateTime->__construct('16/06/2018')
#1 /app/public/wp-includes/template.php(690): require('/app/public/wp-...')
#2 /app/public/wp-includes/template.php(647): load_template('/app/public/wp-...', false)
#3 /app/public/wp-includes/general-template.php(155): locate_template(Array, true, false)
#4 /app/public/wp-content/themes/fictional-university-theme/front-page.php(38): get_template_part('template-parts/...', 'event')
#5 /app/public/wp-includes/template-loader.php(74): include('/app/public/wp-...')
#6 /app/public/wp-blog-header.php(19): require_once('/app/public/wp-...')
#7 /app/public/index.php(17): require('/app/public/wp-...')
#8 {main}
  thrown in /app/public/wp-content/themes/fictional-university-theme/template-parts/content-event.php on line 4
[27-Apr-2018 09:24:17 UTC] PHP Warning:  Illegal string offset 'sizes' in /app/public/wp-content/themes/fictional-university-theme/functions.php on line 15
[27-Apr-2018 09:24:17 UTC] PHP Warning:  Illegal string offset 'pageBanner' in /app/public/wp-content/themes/fictional-university-theme/functions.php on line 15
[27-Apr-2018 09:30:32 UTC] PHP Warning:  Illegal string offset 'sizes' in /app/public/wp-content/themes/fictional-university-theme/functions.php on line 15
[27-Apr-2018 09:30:32 UTC] PHP Warning:  Illegal string offset 'pageBanner' in /app/public/wp-content/themes/fictional-university-theme/functions.php on line 15
[27-Apr-2018 09:30:58 UTC] PHP Warning:  Illegal string offset 'sizes' in /app/public/wp-content/themes/fictional-university-theme/functions.php on line 15
[27-Apr-2018 09:30:58 UTC] PHP Warning:  Illegal string offset 'pageBanner' in /app/public/wp-content/themes/fictional-university-theme/functions.php on line 15
[27-Apr-2018 09:32:24 UTC] PHP Fatal error:  Uncaught Exception: DateTime::__construct(): Failed to parse time string (31/12/2015) at position 0 (3): Unexpected character in /app/public/wp-content/themes/fictional-university-theme/template-parts/content-event.php:4
Stack trace:
#0 /app/public/wp-content/themes/fictional-university-theme/template-parts/content-event.php(4): DateTime->__construct('31/12/2015')
#1 /app/public/wp-includes/template.php(690): require('/app/public/wp-...')
#2 /app/public/wp-includes/template.php(647): load_template('/app/public/wp-...', false)
#3 /app/public/wp-includes/general-template.php(155): locate_template(Array, true, false)
#4 /app/public/wp-content/themes/fictional-university-theme/page-past-events.php(32): get_template_part('template-parts/...')
#5 /app/public/wp-includes/template-loader.php(74): include('/app/public/wp-...')
#6 /app/public/wp-blog-header.php(19): require_once('/app/public/wp-...')
#7 /app/public/index.php(17): require('/app/public/wp-...')
#8 {main}
  thrown in /app/public/wp-content/themes/fictional-university-theme/template-parts/content-event.php on line 4
[28-Apr-2018 12:38:42 UTC] PHP Fatal error:  Uncaught Exception: DateTime::__construct(): Failed to parse time string (31/12/2015) at position 0 (3): Unexpected character in /app/public/wp-content/themes/fictional-university-theme/template-parts/content-event.php:4
Stack trace:
#0 /app/public/wp-content/themes/fictional-university-theme/template-parts/content-event.php(4): DateTime->__construct('31/12/2015')
#1 /app/public/wp-includes/template.php(690): require('/app/public/wp-...')
#2 /app/public/wp-includes/template.php(647): load_template('/app/public/wp-...', false)
#3 /app/public/wp-includes/general-template.php(155): locate_template(Array, true, false)
#4 /app/public/wp-content/themes/fictional-university-theme/page-past-events.php(32): get_template_part('template-parts/...')
#5 /app/public/wp-includes/template-loader.php(74): include('/app/public/wp-...')
#6 /app/public/wp-blog-header.php(19): require_once('/app/public/wp-...')
#7 /app/public/index.php(17): require('/app/public/wp-...')
#8 {main}
  thrown in /app/public/wp-content/themes/fictional-university-theme/template-parts/content-event.php on line 4
[28-Apr-2018 12:38:48 UTC] PHP Warning:  Illegal string offset 'sizes' in /app/public/wp-content/themes/fictional-university-theme/functions.php on line 15
[28-Apr-2018 12:38:48 UTC] PHP Warning:  Illegal string offset 'pageBanner' in /app/public/wp-content/themes/fictional-university-theme/functions.php on line 15
[28-Apr-2018 12:40:10 UTC] PHP Fatal error:  Uncaught Exception: DateTime::__construct(): Failed to parse time string (31/12/2016) at position 0 (3): Unexpected character in /app/public/wp-content/themes/fictional-university-theme/template-parts/content-event.php:4
Stack trace:
#0 /app/public/wp-content/themes/fictional-university-theme/template-parts/content-event.php(4): DateTime->__construct('31/12/2016')
#1 /app/public/wp-includes/template.php(690): require('/app/public/wp-...')
#2 /app/public/wp-includes/template.php(647): load_template('/app/public/wp-...', false)
#3 /app/public/wp-includes/general-template.php(155): locate_template(Array, true, false)
#4 /app/public/wp-content/themes/fictional-university-theme/page-past-events.php(32): get_template_part('template-parts/...')
#5 /app/public/wp-includes/template-loader.php(74): include('/app/public/wp-...')
#6 /app/public/wp-blog-header.php(19): require_once('/app/public/wp-...')
#7 /app/public/index.php(17): require('/app/public/wp-...')
#8 {main}
  thrown in /app/public/wp-content/themes/fictional-university-theme/template-parts/content-event.php on line 4
[28-Apr-2018 12:40:40 UTC] PHP Warning:  Illegal string offset 'sizes' in /app/public/wp-content/themes/fictional-university-theme/functions.php on line 15
[28-Apr-2018 12:40:40 UTC] PHP Warning:  Illegal string offset 'pageBanner' in /app/public/wp-content/themes/fictional-university-theme/functions.php on line 15
[28-Apr-2018 12:41:16 UTC] PHP Warning:  Illegal string offset 'sizes' in /app/public/wp-content/themes/fictional-university-theme/functions.php on line 15
[28-Apr-2018 12:41:16 UTC] PHP Warning:  Illegal string offset 'pageBanner' in /app/public/wp-content/themes/fictional-university-theme/functions.php on line 15
[28-Apr-2018 12:41:42 UTC] PHP Fatal error:  Uncaught Exception: DateTime::__construct(): Failed to parse time string (31/12/2016) at position 0 (3): Unexpected character in /app/public/wp-content/themes/fictional-university-theme/template-parts/content-event.php:4
Stack trace:
#0 /app/public/wp-content/themes/fictional-university-theme/template-parts/content-event.php(4): DateTime->__construct('31/12/2016')
#1 /app/public/wp-includes/template.php(690): require('/app/public/wp-...')
#2 /app/public/wp-includes/template.php(647): load_template('/app/public/wp-...', false)
#3 /app/public/wp-includes/general-template.php(155): locate_template(Array, true, false)
#4 /app/public/wp-content/themes/fictional-university-theme/page-past-events.php(32): get_template_part('template-parts/...')
#5 /app/public/wp-includes/template-loader.php(74): include('/app/public/wp-...')
#6 /app/public/wp-blog-header.php(19): require_once('/app/public/wp-...')
#7 /app/public/index.php(17): require('/app/public/wp-...')
#8 {main}
  thrown in /app/public/wp-content/themes/fictional-university-theme/template-parts/content-event.php on line 4
[28-Apr-2018 12:50:45 UTC] PHP Fatal error:  Uncaught Exception: DateTime::__construct(): Failed to parse time string (31/12/2016) at position 0 (3): Unexpected character in /app/public/wp-content/themes/fictional-university-theme/template-parts/content-event.php:4
Stack trace:
#0 /app/public/wp-content/themes/fictional-university-theme/template-parts/content-event.php(4): DateTime->__construct('31/12/2016')
#1 /app/public/wp-includes/template.php(690): require('/app/public/wp-...')
#2 /app/public/wp-includes/template.php(647): load_template('/app/public/wp-...', false)
#3 /app/public/wp-includes/general-template.php(155): locate_template(Array, true, false)
#4 /app/public/wp-content/themes/fictional-university-theme/page-past-events.php(32): get_template_part('template-parts/...')
#5 /app/public/wp-includes/template-loader.php(74): include('/app/public/wp-...')
#6 /app/public/wp-blog-header.php(19): require_once('/app/public/wp-...')
#7 /app/public/index.php(17): require('/app/public/wp-...')
#8 {main}
  thrown in /app/public/wp-content/themes/fictional-university-theme/template-parts/content-event.php on line 4
[28-Apr-2018 13:02:10 UTC] PHP Fatal error:  Uncaught Exception: DateTime::__construct(): Failed to parse time string (22/12/2016) at position 0 (2): Unexpected character in /app/public/wp-content/themes/fictional-university-theme/template-parts/content-event.php:4
Stack trace:
#0 /app/public/wp-content/themes/fictional-university-theme/template-parts/content-event.php(4): DateTime->__construct('22/12/2016')
#1 /app/public/wp-includes/template.php(690): require('/app/public/wp-...')
#2 /app/public/wp-includes/template.php(647): load_template('/app/public/wp-...', false)
#3 /app/public/wp-includes/general-template.php(155): locate_template(Array, true, false)
#4 /app/public/wp-content/themes/fictional-university-theme/page-past-events.php(32): get_template_part('template-parts/...')
#5 /app/public/wp-includes/template-loader.php(74): include('/app/public/wp-...')
#6 /app/public/wp-blog-header.php(19): require_once('/app/public/wp-...')
#7 /app/public/index.php(17): require('/app/public/wp-...')
#8 {main}
  thrown in /app/public/wp-content/themes/fictional-university-theme/template-parts/content-event.php on line 4
[28-Apr-2018 13:03:50 UTC] PHP Fatal error:  Uncaught Exception: DateTime::__construct(): Failed to parse time string (31/12/2017) at position 0 (3): Unexpected character in /app/public/wp-content/themes/fictional-university-theme/template-parts/content-event.php:4
Stack trace:
#0 /app/public/wp-content/themes/fictional-university-theme/template-parts/content-event.php(4): DateTime->__construct('31/12/2017')
#1 /app/public/wp-includes/template.php(690): require('/app/public/wp-...')
#2 /app/public/wp-includes/template.php(647): load_template('/app/public/wp-...', false)
#3 /app/public/wp-includes/general-template.php(155): locate_template(Array, true, false)
#4 /app/public/wp-content/themes/fictional-university-theme/page-past-events.php(32): get_template_part('template-parts/...')
#5 /app/public/wp-includes/template-loader.php(74): include('/app/public/wp-...')
#6 /app/public/wp-blog-header.php(19): require_once('/app/public/wp-...')
#7 /app/public/index.php(17): require('/app/public/wp-...')
#8 {main}
  thrown in /app/public/wp-content/themes/fictional-university-theme/template-parts/content-event.php on line 4
[28-Apr-2018 13:04:06 UTC] PHP Fatal error:  Uncaught Exception: DateTime::__construct(): Failed to parse time string (31/12/2017) at position 0 (3): Unexpected character in /app/public/wp-content/themes/fictional-university-theme/template-parts/content-event.php:4
Stack trace:
#0 /app/public/wp-content/themes/fictional-university-theme/template-parts/content-event.php(4): DateTime->__construct('31/12/2017')
#1 /app/public/wp-includes/template.php(690): require('/app/public/wp-...')
#2 /app/public/wp-includes/template.php(647): load_template('/app/public/wp-...', false)
#3 /app/public/wp-includes/general-template.php(155): locate_template(Array, true, false)
#4 /app/public/wp-content/themes/fictional-university-theme/page-past-events.php(32): get_template_part('template-parts/...')
#5 /app/public/wp-includes/template-loader.php(74): include('/app/public/wp-...')
#6 /app/public/wp-blog-header.php(19): require_once('/app/public/wp-...')
#7 /app/public/index.php(17): require('/app/public/wp-...')
#8 {main}
  thrown in /app/public/wp-content/themes/fictional-university-theme/template-parts/content-event.php on line 4
[28-Apr-2018 13:04:08 UTC] PHP Fatal error:  Uncaught Exception: DateTime::__construct(): Failed to parse time string (31/12/2017) at position 0 (3): Unexpected character in /app/public/wp-content/themes/fictional-university-theme/template-parts/content-event.php:4
Stack trace:
#0 /app/public/wp-content/themes/fictional-university-theme/template-parts/content-event.php(4): DateTime->__construct('31/12/2017')
#1 /app/public/wp-includes/template.php(690): require('/app/public/wp-...')
#2 /app/public/wp-includes/template.php(647): load_template('/app/public/wp-...', false)
#3 /app/public/wp-includes/general-template.php(155): locate_template(Array, true, false)
#4 /app/public/wp-content/themes/fictional-university-theme/page-past-events.php(32): get_template_part('template-parts/...')
#5 /app/public/wp-includes/template-loader.php(74): include('/app/public/wp-...')
#6 /app/public/wp-blog-header.php(19): require_once('/app/public/wp-...')
#7 /app/public/index.php(17): require('/app/public/wp-...')
#8 {main}
  thrown in /app/public/wp-content/themes/fictional-university-theme/template-parts/content-event.php on line 4
[28-Apr-2018 13:07:40 UTC] PHP Fatal error:  Uncaught Exception: DateTime::__construct(): Failed to parse time string (31/12/2017) at position 0 (3): Unexpected character in /app/public/wp-content/themes/fictional-university-theme/template-parts/content-event.php:4
Stack trace:
#0 /app/public/wp-content/themes/fictional-university-theme/template-parts/content-event.php(4): DateTime->__construct('31/12/2017')
#1 /app/public/wp-includes/template.php(690): require('/app/public/wp-...')
#2 /app/public/wp-includes/template.php(647): load_template('/app/public/wp-...', false)
#3 /app/public/wp-includes/general-template.php(155): locate_template(Array, true, false)
#4 /app/public/wp-content/themes/fictional-university-theme/page-past-events.php(32): get_template_part('template-parts/...')
#5 /app/public/wp-includes/template-loader.php(74): include('/app/public/wp-...')
#6 /app/public/wp-blog-header.php(19): require_once('/app/public/wp-...')
#7 /app/public/index.php(17): require('/app/public/wp-...')
#8 {main}
  thrown in /app/public/wp-content/themes/fictional-university-theme/template-parts/content-event.php on line 4
[28-Apr-2018 13:08:38 UTC] PHP Fatal error:  Uncaught Exception: DateTime::__construct(): Failed to parse time string (31/12/2017) at position 0 (3): Unexpected character in /app/public/wp-content/themes/fictional-university-theme/template-parts/content-event.php:4
Stack trace:
#0 /app/public/wp-content/themes/fictional-university-theme/template-parts/content-event.php(4): DateTime->__construct('31/12/2017')
#1 /app/public/wp-includes/template.php(690): require('/app/public/wp-...')
#2 /app/public/wp-includes/template.php(647): load_template('/app/public/wp-...', false)
#3 /app/public/wp-includes/general-template.php(155): locate_template(Array, true, false)
#4 /app/public/wp-content/themes/fictional-university-theme/page-past-events.php(32): get_template_part('template-parts/...')
#5 /app/public/wp-includes/template-loader.php(74): include('/app/public/wp-...')
#6 /app/public/wp-blog-header.php(19): require_once('/app/public/wp-...')
#7 /app/public/index.php(17): require('/app/public/wp-...')
#8 {main}
  thrown in /app/public/wp-content/themes/fictional-university-theme/template-parts/content-event.php on line 4
[28-Apr-2018 13:10:08 UTC] PHP Warning:  Illegal string offset 'sizes' in /app/public/wp-content/themes/fictional-university-theme/functions.php on line 15
[28-Apr-2018 13:10:08 UTC] PHP Warning:  Illegal string offset 'pageBanner' in /app/public/wp-content/themes/fictional-university-theme/functions.php on line 15
[28-Apr-2018 13:11:16 UTC] PHP Warning:  Illegal string offset 'sizes' in /app/public/wp-content/themes/fictional-university-theme/functions.php on line 15
[28-Apr-2018 13:11:16 UTC] PHP Warning:  Illegal string offset 'pageBanner' in /app/public/wp-content/themes/fictional-university-theme/functions.php on line 15
[28-Apr-2018 13:15:50 UTC] PHP Warning:  Illegal string offset 'sizes' in /app/public/wp-content/themes/fictional-university-theme/functions.php on line 15
[28-Apr-2018 13:15:50 UTC] PHP Warning:  Illegal string offset 'pageBanner' in /app/public/wp-content/themes/fictional-university-theme/functions.php on line 15
[28-Apr-2018 13:16:23 UTC] PHP Fatal error:  Uncaught Exception: DateTime::__construct(): Failed to parse time string (30/12/2017) at position 0 (3): Unexpected character in /app/public/wp-content/themes/fictional-university-theme/template-parts/content-event.php:4
Stack trace:
#0 /app/public/wp-content/themes/fictional-university-theme/template-parts/content-event.php(4): DateTime->__construct('30/12/2017')
#1 /app/public/wp-includes/template.php(690): require('/app/public/wp-...')
#2 /app/public/wp-includes/template.php(647): load_template('/app/public/wp-...', false)
#3 /app/public/wp-includes/general-template.php(155): locate_template(Array, true, false)
#4 /app/public/wp-content/themes/fictional-university-theme/page-past-events.php(32): get_template_part('template-parts/...')
#5 /app/public/wp-includes/template-loader.php(74): include('/app/public/wp-...')
#6 /app/public/wp-blog-header.php(19): require_once('/app/public/wp-...')
#7 /app/public/index.php(17): require('/app/public/wp-...')
#8 {main}
  thrown in /app/public/wp-content/themes/fictional-university-theme/template-parts/content-event.php on line 4
[28-Apr-2018 13:18:34 UTC] PHP Warning:  Illegal string offset 'sizes' in /app/public/wp-content/themes/fictional-university-theme/functions.php on line 15
[28-Apr-2018 13:18:34 UTC] PHP Warning:  Illegal string offset 'pageBanner' in /app/public/wp-content/themes/fictional-university-theme/functions.php on line 15
[28-Apr-2018 13:19:28 UTC] PHP Fatal error:  Uncaught Exception: DateTime::__construct(): Failed to parse time string (13/04/2017) at position 0 (1): Unexpected character in /app/public/wp-content/themes/fictional-university-theme/template-parts/content-event.php:4
Stack trace:
#0 /app/public/wp-content/themes/fictional-university-theme/template-parts/content-event.php(4): DateTime->__construct('13/04/2017')
#1 /app/public/wp-includes/template.php(690): require('/app/public/wp-...')
#2 /app/public/wp-includes/template.php(647): load_template('/app/public/wp-...', false)
#3 /app/public/wp-includes/general-template.php(155): locate_template(Array, true, false)
#4 /app/public/wp-content/themes/fictional-university-theme/page-past-events.php(32): get_template_part('template-parts/...')
#5 /app/public/wp-includes/template-loader.php(74): include('/app/public/wp-...')
#6 /app/public/wp-blog-header.php(19): require_once('/app/public/wp-...')
#7 /app/public/index.php(17): require('/app/public/wp-...')
#8 {main}
  thrown in /app/public/wp-content/themes/fictional-university-theme/template-parts/content-event.php on line 4
[28-Apr-2018 13:46:54 UTC] PHP Warning:  Illegal string offset 'sizes' in /app/public/wp-content/themes/fictional-university-theme/functions.php on line 15
[28-Apr-2018 13:46:54 UTC] PHP Warning:  Illegal string offset 'pageBanner' in /app/public/wp-content/themes/fictional-university-theme/functions.php on line 15
[28-Apr-2018 13:54:08 UTC] PHP Warning:  Illegal string offset 'sizes' in /app/public/wp-content/themes/fictional-university-theme/functions.php on line 15
[28-Apr-2018 13:54:08 UTC] PHP Warning:  Illegal string offset 'pageBanner' in /app/public/wp-content/themes/fictional-university-theme/functions.php on line 15
[28-Apr-2018 13:54:58 UTC] PHP Warning:  Illegal string offset 'sizes' in /app/public/wp-content/themes/fictional-university-theme/functions.php on line 15
[28-Apr-2018 13:54:58 UTC] PHP Warning:  Illegal string offset 'pageBanner' in /app/public/wp-content/themes/fictional-university-theme/functions.php on line 15
[28-Apr-2018 13:56:42 UTC] PHP Warning:  Illegal string offset 'sizes' in /app/public/wp-content/themes/fictional-university-theme/functions.php on line 15
[28-Apr-2018 13:56:42 UTC] PHP Warning:  Illegal string offset 'pageBanner' in /app/public/wp-content/themes/fictional-university-theme/functions.php on line 15
[28-Apr-2018 13:56:49 UTC] PHP Warning:  Illegal string offset 'sizes' in /app/public/wp-content/themes/fictional-university-theme/functions.php on line 15
[28-Apr-2018 13:56:49 UTC] PHP Warning:  Illegal string offset 'pageBanner' in /app/public/wp-content/themes/fictional-university-theme/functions.php on line 15
[28-Apr-2018 13:58:26 UTC] PHP Warning:  Illegal string offset 'sizes' in /app/public/wp-content/themes/fictional-university-theme/functions.php on line 15
[28-Apr-2018 13:58:26 UTC] PHP Warning:  Illegal string offset 'pageBanner' in /app/public/wp-content/themes/fictional-university-theme/functions.php on line 15
[28-Apr-2018 13:58:40 UTC] PHP Warning:  Illegal string offset 'sizes' in /app/public/wp-content/themes/fictional-university-theme/functions.php on line 15
[28-Apr-2018 13:58:40 UTC] PHP Warning:  Illegal string offset 'pageBanner' in /app/public/wp-content/themes/fictional-university-theme/functions.php on line 15
[28-Apr-2018 13:59:18 UTC] PHP Warning:  Illegal string offset 'sizes' in /app/public/wp-content/themes/fictional-university-theme/functions.php on line 15
[28-Apr-2018 13:59:18 UTC] PHP Warning:  Illegal string offset 'pageBanner' in /app/public/wp-content/themes/fictional-university-theme/functions.php on line 15
[28-Apr-2018 14:00:15 UTC] PHP Warning:  Illegal string offset 'sizes' in /app/public/wp-content/themes/fictional-university-theme/functions.php on line 15
[28-Apr-2018 14:00:15 UTC] PHP Warning:  Illegal string offset 'pageBanner' in /app/public/wp-content/themes/fictional-university-theme/functions.php on line 15
[28-Apr-2018 14:04:27 UTC] PHP Warning:  Illegal string offset 'sizes' in /app/public/wp-content/themes/fictional-university-theme/functions.php on line 15
[28-Apr-2018 14:04:27 UTC] PHP Warning:  Illegal string offset 'pageBanner' in /app/public/wp-content/themes/fictional-university-theme/functions.php on line 15
[28-Apr-2018 14:04:37 UTC] PHP Warning:  Illegal string offset 'sizes' in /app/public/wp-content/themes/fictional-university-theme/functions.php on line 15
[28-Apr-2018 14:04:37 UTC] PHP Warning:  Illegal string offset 'pageBanner' in /app/public/wp-content/themes/fictional-university-theme/functions.php on line 15
[28-Apr-2018 14:09:41 UTC] PHP Warning:  Illegal string offset 'sizes' in /app/public/wp-content/themes/fictional-university-theme/functions.php on line 15
[28-Apr-2018 14:09:41 UTC] PHP Warning:  Illegal string offset 'pageBanner' in /app/public/wp-content/themes/fictional-university-theme/functions.php on line 15
[28-Apr-2018 14:12:45 UTC] PHP Warning:  Illegal string offset 'sizes' in /app/public/wp-content/themes/fictional-university-theme/functions.php on line 15
[28-Apr-2018 14:12:45 UTC] PHP Warning:  Illegal string offset 'pageBanner' in /app/public/wp-content/themes/fictional-university-theme/functions.php on line 15
[28-Apr-2018 14:12:49 UTC] PHP Warning:  Illegal string offset 'sizes' in /app/public/wp-content/themes/fictional-university-theme/functions.php on line 15
[28-Apr-2018 14:12:49 UTC] PHP Warning:  Illegal string offset 'pageBanner' in /app/public/wp-content/themes/fictional-university-theme/functions.php on line 15
[28-Apr-2018 14:14:49 UTC] PHP Warning:  Illegal string offset 'sizes' in /app/public/wp-content/themes/fictional-university-theme/functions.php on line 15
[28-Apr-2018 14:14:50 UTC] PHP Warning:  Illegal string offset 'pageBanner' in /app/public/wp-content/themes/fictional-university-theme/functions.php on line 15
